\BOOKMARK [1][-]{Preface.1}{Preface}{}% 1
\BOOKMARK [1][-]{Abstract.1}{Abstract}{}% 2
\BOOKMARK [1][-]{Popular Summary.1}{Popular Summary}{}% 3
\BOOKMARK [1][-]{tableofcontents.1}{Contents}{}% 4
\BOOKMARK [1][-]{lof.1}{List of Figures}{}% 5
\BOOKMARK [1][-]{lot.1}{List of Tables}{}% 6
\BOOKMARK [1][-]{acronyms.1}{Acronyms}{}% 7
\BOOKMARK [-1][]{part.1}{Research}{}% 8
\BOOKMARK [0][]{chapter.1}{1 Introduction}{part.1}% 9
\BOOKMARK [1][-]{section.1.1}{1.1 Low Mass X-ray Binaries}{chapter.1}% 10
\BOOKMARK [1][-]{section.1.2}{1.2 Common Techniques}{chapter.1}% 11
\BOOKMARK [1][-]{section.1.3}{1.3 Motivation}{chapter.1}% 12
\BOOKMARK [1][-]{section.1.4}{1.4 Outline}{chapter.1}% 13
\BOOKMARK [0][]{chapter.2}{2 Methods}{part.1}% 14
\BOOKMARK [1][-]{section.2.1}{2.1 Rossi X-ray Timing Explorer}{chapter.2}% 15
\BOOKMARK [1][-]{section.2.2}{2.2 Data Reduction}{chapter.2}% 16
\BOOKMARK [1][-]{section.2.3}{2.3 Timing Analysis}{chapter.2}% 17
\BOOKMARK [1][-]{section.2.4}{2.4 Spectral Analysis}{chapter.2}% 18
\BOOKMARK [1][-]{section.2.5}{2.5 Targets}{chapter.2}% 19
\BOOKMARK [1][-]{section.2.6}{2.6 Robustness of Chromos}{chapter.2}% 20
\BOOKMARK [0][]{chapter.3}{3 Results}{part.1}% 21
\BOOKMARK [1][-]{section.3.1}{3.1 Neutron Stars}{chapter.3}% 22
\BOOKMARK [1][-]{section.3.2}{3.2 Neutron Stars \046 Black Holes}{chapter.3}% 23
\BOOKMARK [1][-]{section.3.3}{3.3 Effects of Neutron Star Properties}{chapter.3}% 24
\BOOKMARK [0][]{chapter.4}{4 Discussion}{part.1}% 25
\BOOKMARK [1][-]{section.4.1}{4.1 Neutron Stars}{chapter.4}% 26
\BOOKMARK [1][-]{section.4.2}{4.2 Neutron Stars \046 Black Holes}{chapter.4}% 27
\BOOKMARK [1][-]{section.4.3}{4.3 Effects of Neutron Star Properties}{chapter.4}% 28
\BOOKMARK [1][-]{section.4.4}{4.4 Robustness}{chapter.4}% 29
\BOOKMARK [0][]{chapter.5}{5 Conclusion}{part.1}% 30
\BOOKMARK [-1][]{part.2}{Appendix}{}% 31
\BOOKMARK [0][]{appendix.A}{a A Brief Guide to CHROMOS}{part.2}% 32
\BOOKMARK [0][]{appendix.B}{b Sources}{part.2}% 33
\BOOKMARK [0][]{appendix.C}{c Power Spectra}{part.2}% 34
\BOOKMARK [0][]{appendix.D}{d Power Colour-Colour Diagrams}{part.2}% 35
\BOOKMARK [0][]{appendix.E}{e Hardness-Hue Diagrams}{part.2}% 36
\BOOKMARK [0][]{appendix.F}{f Hardness-Intensity Diagrams}{part.2}% 37
\BOOKMARK [0][]{dummy.5}{Bibliography}{part.2}% 38
