\BOOKMARK [1][-]{Preface.1}{Preface}{}% 1
\BOOKMARK [1][-]{Abstract.1}{Abstract}{}% 2
\BOOKMARK [1][-]{Popular Summary.1}{Popular Summary}{}% 3
\BOOKMARK [1][-]{tableofcontents.1}{Contents}{}% 4
\BOOKMARK [1][-]{lof.1}{List of Figures}{}% 5
\BOOKMARK [1][-]{lot.1}{List of Tables}{}% 6
\BOOKMARK [1][-]{acronyms.1}{Acronyms}{}% 7
\BOOKMARK [-1][]{part.1}{Research}{}% 8
\BOOKMARK [0][]{chapter.1}{1 Introduction}{part.1}% 9
\BOOKMARK [1][-]{section.1.1}{1.1 Gravitational-waves}{chapter.1}% 10
\BOOKMARK [1][-]{section.1.2}{1.2 Binary stellar evolution models}{chapter.1}% 11
\BOOKMARK [1][-]{section.1.3}{1.3 Common methods}{chapter.1}% 12
\BOOKMARK [1][-]{section.1.4}{1.4 rare events simulations}{chapter.1}% 13
\BOOKMARK [1][-]{section.1.5}{1.5 Motivation}{chapter.1}% 14
\BOOKMARK [1][-]{section.1.6}{1.6 Outline}{chapter.1}% 15
\BOOKMARK [0][]{chapter.2}{2 Statistical method}{part.1}% 16
\BOOKMARK [1][-]{section.2.1}{2.1 Simulating populations of binaries}{chapter.2}% 17
\BOOKMARK [1][-]{section.2.2}{2.2 Initial binary parameters}{chapter.2}% 18
\BOOKMARK [1][-]{section.2.3}{2.3 Adaptive Importance Sampling algorithm}{chapter.2}% 19
\BOOKMARK [1][-]{section.2.4}{2.4 Adptive Importance Sampling}{chapter.2}% 20
\BOOKMARK [1][-]{section.2.5}{2.5 Fiducial method}{chapter.2}% 21
\BOOKMARK [1][-]{section.2.6}{2.6 Advanced Adaptive Importance Sampling}{chapter.2}% 22
\BOOKMARK [1][-]{section.2.7}{2.7 Other implementations}{chapter.2}% 23
\BOOKMARK [1][-]{section.2.8}{2.8 Population Synthesis}{chapter.2}% 24
\BOOKMARK [1][-]{section.2.9}{2.9 Fiducial Model}{chapter.2}% 25
\BOOKMARK [0][]{chapter.3}{3 Results}{part.1}% 26
\BOOKMARK [1][-]{section.3.1}{3.1 Adaptive Importance Sampling Toy Model}{chapter.3}% 27
\BOOKMARK [1][-]{section.3.2}{3.2 Binary population Blck hole - Neutron star mergers}{chapter.3}% 28
\BOOKMARK [1][-]{section.3.3}{3.3 Exploring Adaptive importance Sampling}{chapter.3}% 29
\BOOKMARK [0][]{chapter.4}{4 Discussion}{part.1}% 30
\BOOKMARK [0][]{chapter.5}{5 Conclusion}{part.1}% 31
\BOOKMARK [-1][]{part.2}{Appendix}{}% 32
\BOOKMARK [0][]{appendix.A}{a A Brief Guide to Adaptive Importance Sampling}{part.2}% 33
\BOOKMARK [0][]{appendix.B}{b Code}{part.2}% 34
